Flutter crash report; please file at https://github.com/flutter/flutter/issues.

## command

flutter test --platform chrome

## exception

StateError: Bad state: Unable to start build daemon.

```
#0      _handleDaemonStartup (package:build_daemon/client.dart:82:5)
<asynchronous suspension>
#1      BuildDaemonClient.connect (package:build_daemon/client.dart:183:11)
<asynchronous suspension>
#2      BuildDaemonCreator._connectClient (package:flutter_tools/src/build_runner/web_fs.dart:651:30)
#3      BuildDaemonCreator.startBuildDaemon (package:flutter_tools/src/build_runner/web_fs.dart:575:46)
#4      BuildRunnerWebCompilationProxy.initialize (package:flutter_tools/src/build_runner/web_compilation_delegate.dart:45:63)
#5      runTests (package:flutter_tools/src/test/runner.dart:71:51)
#6      TestCommand.runCommand (package:flutter_tools/src/commands/test.dart:227:30)
<asynchronous suspension>
#7      AppContext.run.<anonymous closure> (package:flutter_tools/src/base/context.dart:146:29)
#8      _rootRun (dart:async/zone.dart:1126:13)
#9      _CustomZone.run (dart:async/zone.dart:1023:19)
#10     _runZoned (dart:async/zone.dart:1518:10)
#11     runZoned (dart:async/zone.dart:1465:12)
#12     AppContext.run (package:flutter_tools/src/base/context.dart:145:18)
#13     FastFlutterCommand.run (package:flutter_tools/src/runner/flutter_command.dart:814:20)
#14     CommandRunner.runCommand (package:args/command_runner.dart:197:27)
#15     FlutterCommandRunner.runCommand.<anonymous closure> (package:flutter_tools/src/runner/flutter_command_runner.dart:413:21)
<asynchronous suspension>
#16     AppContext.run.<anonymous closure> (package:flutter_tools/src/base/context.dart:146:29)
#17     _rootRun (dart:async/zone.dart:1126:13)
#18     _CustomZone.run (dart:async/zone.dart:1023:19)
#19     _runZoned (dart:async/zone.dart:1518:10)
#20     runZoned (dart:async/zone.dart:1465:12)
#21     AppContext.run (package:flutter_tools/src/base/context.dart:145:18)
#22     FlutterCommandRunner.runCommand (package:flutter_tools/src/runner/flutter_command_runner.dart:364:19)
#23     CommandRunner.run.<anonymous closure> (package:args/command_runner.dart:112:25)
#24     new Future.sync (dart:async/future.dart:224:31)
#25     CommandRunner.run (package:args/command_runner.dart:112:14)
#26     FlutterCommandRunner.run (package:flutter_tools/src/runner/flutter_command_runner.dart:250:18)
#27     run.<anonymous closure>.<anonymous closure> (package:flutter_tools/runner.dart:63:22)
#28     _rootRun (dart:async/zone.dart:1126:13)
#29     _CustomZone.run (dart:async/zone.dart:1023:19)
#30     _runZoned (dart:async/zone.dart:1518:10)
#31     runZoned (dart:async/zone.dart:1502:12)
#32     run.<anonymous closure> (package:flutter_tools/runner.dart:61:18)
<asynchronous suspension>
#33     AppContext.run.<anonymous closure> (package:flutter_tools/src/base/context.dart:146:29)
#34     _rootRun (dart:async/zone.dart:1126:13)
#35     _CustomZone.run (dart:async/zone.dart:1023:19)
#36     _runZoned (dart:async/zone.dart:1518:10)
#37     runZoned (dart:async/zone.dart:1465:12)
#38     AppContext.run (package:flutter_tools/src/base/context.dart:145:18)
#39     runInContext (package:flutter_tools/src/context_runner.dart:64:24)
#40     run (package:flutter_tools/runner.dart:50:10)
#41     main (package:flutter_tools/executable.dart:65:9)
#42     main (file:///C:/b/s/w/ir/k/archive/flutter/packages/flutter_tools/bin/flutter_tools.dart:8:3)
#43     _startIsolate.<anonymous closure> (dart:isolate-patch/isolate_patch.dart:305:32)
#44     _RawReceivePortImpl._handleMessage (dart:isolate-patch/isolate_patch.dart:174:12)
```

## flutter doctor

```
[32m[✓][39m Flutter (Channel stable, v1.12.13+hotfix.8, on Microsoft Windows [Versione 10.0.18363.720], locale it-IT)
    [32m•[39m Flutter version 1.12.13+hotfix.8 at C:\src\flutter
    [32m•[39m Framework revision 0b8abb4724 (7 weeks ago), 2020-02-11 11:44:36 -0800
    [32m•[39m Engine revision e1e6ced81d
    [32m•[39m Dart version 2.7.0

[32m[✓][39m Android toolchain - develop for Android devices (Android SDK version 29.0.2)
    [32m•[39m Android SDK at C:\Users\spina\AppData\Local\Android\Sdk
    [32m•[39m Android NDK location not configured (optional; useful for native profiling support)
    [32m•[39m Platform android-29, build-tools 29.0.2
    [32m•[39m Java binary at: D:\Programmi\Android Studio\jre\bin\java
    [32m•[39m Java version OpenJDK Runtime Environment (build 1.8.0_212-release-1586-b04)
    [32m•[39m All Android licenses accepted.

[32m[✓][39m Android Studio (version 3.6)
    [32m•[39m Android Studio at D:\Programmi\Android Studio
    [32m•[39m Flutter plugin version 44.0.2
    [32m•[39m Dart plugin version 192.7761
    [32m•[39m Java version OpenJDK Runtime Environment (build 1.8.0_212-release-1586-b04)

[32m[✓][39m VS Code (version 1.43.2)
    [32m•[39m VS Code at C:\Users\spina\AppData\Local\Programs\Microsoft VS Code
    [32m•[39m Flutter extension version 3.8.1

[32m[✓][39m Connected device (1 available)
    [32m•[39m Android SDK built for x86 • emulator-5554 • android-x86 • Android 10 (API 29) (emulator)

[32m•[39m No issues found!
```
